2019-07-16 00:11:06,195 INFO 16912 [egg-schedule]: register schedule D:\vscode\service\node_modules\egg-multipart\app\schedule\clean_tmpdir.js
2019-07-16 00:11:06,195 INFO 16912 [egg-schedule]: register schedule D:\vscode\service\node_modules\egg-logrotator\app\schedule\clean_log.js
2019-07-16 00:11:06,195 INFO 16912 [egg-schedule]: register schedule D:\vscode\service\node_modules\egg-logrotator\app\schedule\rotate_by_file.js
2019-07-16 00:13:03,408 INFO 9360 [egg-schedule]: register schedule D:\vscode\service\node_modules\egg-multipart\app\schedule\clean_tmpdir.js
2019-07-16 00:13:03,408 INFO 9360 [egg-schedule]: register schedule D:\vscode\service\node_modules\egg-logrotator\app\schedule\clean_log.js
2019-07-16 00:13:03,408 INFO 9360 [egg-schedule]: register schedule D:\vscode\service\node_modules\egg-logrotator\app\schedule\rotate_by_file.js
2019-07-16 00:13:07,229 INFO 11276 [egg-schedule]: register schedule D:\vscode\service\node_modules\egg-multipart\app\schedule\clean_tmpdir.js
2019-07-16 00:13:07,229 INFO 11276 [egg-schedule]: register schedule D:\vscode\service\node_modules\egg-logrotator\app\schedule\clean_log.js
2019-07-16 00:13:07,229 INFO 11276 [egg-schedule]: register schedule D:\vscode\service\node_modules\egg-logrotator\app\schedule\rotate_by_file.js
2019-07-16 00:15:28,212 INFO 12708 [egg-schedule]: register schedule D:\vscode\service\node_modules\egg-multipart\app\schedule\clean_tmpdir.js
2019-07-16 00:15:28,212 INFO 12708 [egg-schedule]: register schedule D:\vscode\service\node_modules\egg-logrotator\app\schedule\clean_log.js
2019-07-16 00:15:28,212 INFO 12708 [egg-schedule]: register schedule D:\vscode\service\node_modules\egg-logrotator\app\schedule\rotate_by_file.js
2019-07-16 00:16:00,438 INFO 7652 [egg-schedule]: register schedule D:\vscode\service\node_modules\egg-multipart\app\schedule\clean_tmpdir.js
2019-07-16 00:16:00,438 INFO 7652 [egg-schedule]: register schedule D:\vscode\service\node_modules\egg-logrotator\app\schedule\clean_log.js
2019-07-16 00:16:00,438 INFO 7652 [egg-schedule]: register schedule D:\vscode\service\node_modules\egg-logrotator\app\schedule\rotate_by_file.js
2019-07-16 00:16:25,579 INFO 13728 [egg-schedule]: register schedule D:\vscode\service\node_modules\egg-multipart\app\schedule\clean_tmpdir.js
2019-07-16 00:16:25,579 INFO 13728 [egg-schedule]: register schedule D:\vscode\service\node_modules\egg-logrotator\app\schedule\clean_log.js
2019-07-16 00:16:25,579 INFO 13728 [egg-schedule]: register schedule D:\vscode\service\node_modules\egg-logrotator\app\schedule\rotate_by_file.js
2019-07-16 00:16:56,101 INFO 14888 [egg-schedule]: register schedule D:\vscode\service\node_modules\egg-multipart\app\schedule\clean_tmpdir.js
2019-07-16 00:16:56,101 INFO 14888 [egg-schedule]: register schedule D:\vscode\service\node_modules\egg-logrotator\app\schedule\clean_log.js
2019-07-16 00:16:56,101 INFO 14888 [egg-schedule]: register schedule D:\vscode\service\node_modules\egg-logrotator\app\schedule\rotate_by_file.js
2019-07-16 00:17:09,543 INFO 9784 [egg-schedule]: register schedule D:\vscode\service\node_modules\egg-multipart\app\schedule\clean_tmpdir.js
2019-07-16 00:17:09,543 INFO 9784 [egg-schedule]: register schedule D:\vscode\service\node_modules\egg-logrotator\app\schedule\clean_log.js
2019-07-16 00:17:09,543 INFO 9784 [egg-schedule]: register schedule D:\vscode\service\node_modules\egg-logrotator\app\schedule\rotate_by_file.js
2019-07-16 00:17:22,417 INFO 10732 [egg-schedule]: register schedule D:\vscode\service\node_modules\egg-multipart\app\schedule\clean_tmpdir.js
2019-07-16 00:17:22,417 INFO 10732 [egg-schedule]: register schedule D:\vscode\service\node_modules\egg-logrotator\app\schedule\clean_log.js
2019-07-16 00:17:22,417 INFO 10732 [egg-schedule]: register schedule D:\vscode\service\node_modules\egg-logrotator\app\schedule\rotate_by_file.js
2019-07-16 00:17:31,622 INFO 21088 [egg-schedule]: register schedule D:\vscode\service\node_modules\egg-multipart\app\schedule\clean_tmpdir.js
2019-07-16 00:17:31,622 INFO 21088 [egg-schedule]: register schedule D:\vscode\service\node_modules\egg-logrotator\app\schedule\clean_log.js
2019-07-16 00:17:31,622 INFO 21088 [egg-schedule]: register schedule D:\vscode\service\node_modules\egg-logrotator\app\schedule\rotate_by_file.js
2019-07-16 00:18:10,681 INFO 8388 [egg-schedule]: register schedule D:\vscode\service\node_modules\egg-multipart\app\schedule\clean_tmpdir.js
2019-07-16 00:18:10,681 INFO 8388 [egg-schedule]: register schedule D:\vscode\service\node_modules\egg-logrotator\app\schedule\clean_log.js
2019-07-16 00:18:10,681 INFO 8388 [egg-schedule]: register schedule D:\vscode\service\node_modules\egg-logrotator\app\schedule\rotate_by_file.js
2019-07-16 00:18:27,886 INFO 2060 [egg-schedule]: register schedule D:\vscode\service\node_modules\egg-multipart\app\schedule\clean_tmpdir.js
2019-07-16 00:18:27,886 INFO 2060 [egg-schedule]: register schedule D:\vscode\service\node_modules\egg-logrotator\app\schedule\clean_log.js
2019-07-16 00:18:27,886 INFO 2060 [egg-schedule]: register schedule D:\vscode\service\node_modules\egg-logrotator\app\schedule\rotate_by_file.js
2019-07-16 00:18:45,215 INFO 20740 [egg-schedule]: register schedule D:\vscode\service\node_modules\egg-multipart\app\schedule\clean_tmpdir.js
2019-07-16 00:18:45,215 INFO 20740 [egg-schedule]: register schedule D:\vscode\service\node_modules\egg-logrotator\app\schedule\clean_log.js
2019-07-16 00:18:45,215 INFO 20740 [egg-schedule]: register schedule D:\vscode\service\node_modules\egg-logrotator\app\schedule\rotate_by_file.js
2019-07-16 00:18:56,839 INFO 15184 [egg-schedule]: register schedule D:\vscode\service\node_modules\egg-multipart\app\schedule\clean_tmpdir.js
2019-07-16 00:18:56,839 INFO 15184 [egg-schedule]: register schedule D:\vscode\service\node_modules\egg-logrotator\app\schedule\clean_log.js
2019-07-16 00:18:56,839 INFO 15184 [egg-schedule]: register schedule D:\vscode\service\node_modules\egg-logrotator\app\schedule\rotate_by_file.js
2019-07-16 00:24:45,892 INFO 20620 [egg-schedule]: register schedule D:\vscode\service\node_modules\egg-multipart\app\schedule\clean_tmpdir.js
2019-07-16 00:24:45,892 INFO 20620 [egg-schedule]: register schedule D:\vscode\service\node_modules\egg-logrotator\app\schedule\clean_log.js
2019-07-16 00:24:45,892 INFO 20620 [egg-schedule]: register schedule D:\vscode\service\node_modules\egg-logrotator\app\schedule\rotate_by_file.js
2019-07-16 00:24:59,098 INFO 19084 [egg-schedule]: register schedule D:\vscode\service\node_modules\egg-multipart\app\schedule\clean_tmpdir.js
2019-07-16 00:24:59,098 INFO 19084 [egg-schedule]: register schedule D:\vscode\service\node_modules\egg-logrotator\app\schedule\clean_log.js
2019-07-16 00:24:59,098 INFO 19084 [egg-schedule]: register schedule D:\vscode\service\node_modules\egg-logrotator\app\schedule\rotate_by_file.js
2019-07-16 00:26:40,465 INFO 15300 [egg-schedule]: register schedule D:\vscode\service\node_modules\egg-multipart\app\schedule\clean_tmpdir.js
2019-07-16 00:26:40,465 INFO 15300 [egg-schedule]: register schedule D:\vscode\service\node_modules\egg-logrotator\app\schedule\clean_log.js
2019-07-16 00:26:40,465 INFO 15300 [egg-schedule]: register schedule D:\vscode\service\node_modules\egg-logrotator\app\schedule\rotate_by_file.js
2019-07-16 00:26:55,501 INFO 2248 [egg-schedule]: register schedule D:\vscode\service\node_modules\egg-multipart\app\schedule\clean_tmpdir.js
2019-07-16 00:26:55,502 INFO 2248 [egg-schedule]: register schedule D:\vscode\service\node_modules\egg-logrotator\app\schedule\clean_log.js
2019-07-16 00:26:55,502 INFO 2248 [egg-schedule]: register schedule D:\vscode\service\node_modules\egg-logrotator\app\schedule\rotate_by_file.js
2019-07-16 00:30:14,962 INFO 10696 [egg-schedule]: register schedule D:\vscode\service\node_modules\egg-multipart\app\schedule\clean_tmpdir.js
2019-07-16 00:30:14,962 INFO 10696 [egg-schedule]: register schedule D:\vscode\service\node_modules\egg-logrotator\app\schedule\clean_log.js
2019-07-16 00:30:14,962 INFO 10696 [egg-schedule]: register schedule D:\vscode\service\node_modules\egg-logrotator\app\schedule\rotate_by_file.js
2019-07-16 00:30:42,576 INFO 14516 [egg-schedule]: register schedule D:\vscode\service\node_modules\egg-multipart\app\schedule\clean_tmpdir.js
2019-07-16 00:30:42,576 INFO 14516 [egg-schedule]: register schedule D:\vscode\service\node_modules\egg-logrotator\app\schedule\clean_log.js
2019-07-16 00:30:42,576 INFO 14516 [egg-schedule]: register schedule D:\vscode\service\node_modules\egg-logrotator\app\schedule\rotate_by_file.js
2019-07-16 00:30:48,128 INFO 12768 [egg-schedule]: register schedule D:\vscode\service\node_modules\egg-multipart\app\schedule\clean_tmpdir.js
2019-07-16 00:30:48,128 INFO 12768 [egg-schedule]: register schedule D:\vscode\service\node_modules\egg-logrotator\app\schedule\clean_log.js
2019-07-16 00:30:48,128 INFO 12768 [egg-schedule]: register schedule D:\vscode\service\node_modules\egg-logrotator\app\schedule\rotate_by_file.js
2019-07-16 00:30:52,374 INFO 3184 [egg-schedule]: register schedule D:\vscode\service\node_modules\egg-multipart\app\schedule\clean_tmpdir.js
2019-07-16 00:30:52,374 INFO 3184 [egg-schedule]: register schedule D:\vscode\service\node_modules\egg-logrotator\app\schedule\clean_log.js
2019-07-16 00:30:52,374 INFO 3184 [egg-schedule]: register schedule D:\vscode\service\node_modules\egg-logrotator\app\schedule\rotate_by_file.js
2019-07-16 00:31:00,343 INFO 18284 [egg-schedule]: register schedule D:\vscode\service\node_modules\egg-multipart\app\schedule\clean_tmpdir.js
2019-07-16 00:31:00,343 INFO 18284 [egg-schedule]: register schedule D:\vscode\service\node_modules\egg-logrotator\app\schedule\clean_log.js
2019-07-16 00:31:00,343 INFO 18284 [egg-schedule]: register schedule D:\vscode\service\node_modules\egg-logrotator\app\schedule\rotate_by_file.js
2019-07-16 00:31:05,328 INFO 16924 [egg-schedule]: register schedule D:\vscode\service\node_modules\egg-multipart\app\schedule\clean_tmpdir.js
2019-07-16 00:31:05,328 INFO 16924 [egg-schedule]: register schedule D:\vscode\service\node_modules\egg-logrotator\app\schedule\clean_log.js
2019-07-16 00:31:05,328 INFO 16924 [egg-schedule]: register schedule D:\vscode\service\node_modules\egg-logrotator\app\schedule\rotate_by_file.js
2019-07-16 00:42:50,243 INFO 16600 [egg-schedule]: register schedule D:\vscode\service\node_modules\egg-multipart\app\schedule\clean_tmpdir.js
2019-07-16 00:42:50,243 INFO 16600 [egg-schedule]: register schedule D:\vscode\service\node_modules\egg-logrotator\app\schedule\clean_log.js
2019-07-16 00:42:50,243 INFO 16600 [egg-schedule]: register schedule D:\vscode\service\node_modules\egg-logrotator\app\schedule\rotate_by_file.js
2019-07-16 00:49:31,592 INFO 19976 [egg-schedule]: register schedule D:\vscode\service\node_modules\egg-multipart\app\schedule\clean_tmpdir.js
2019-07-16 00:49:31,592 INFO 19976 [egg-schedule]: register schedule D:\vscode\service\node_modules\egg-logrotator\app\schedule\clean_log.js
2019-07-16 00:49:31,592 INFO 19976 [egg-schedule]: register schedule D:\vscode\service\node_modules\egg-logrotator\app\schedule\rotate_by_file.js
2019-07-16 01:06:29,395 INFO 18096 [egg-schedule]: register schedule D:\vscode\service\node_modules\egg-multipart\app\schedule\clean_tmpdir.js
2019-07-16 01:06:29,395 INFO 18096 [egg-schedule]: register schedule D:\vscode\service\node_modules\egg-logrotator\app\schedule\clean_log.js
2019-07-16 01:06:29,395 INFO 18096 [egg-schedule]: register schedule D:\vscode\service\node_modules\egg-logrotator\app\schedule\rotate_by_file.js
2019-07-16 01:07:06,735 INFO 20528 [egg-schedule]: register schedule D:\vscode\service\node_modules\egg-multipart\app\schedule\clean_tmpdir.js
2019-07-16 01:07:06,735 INFO 20528 [egg-schedule]: register schedule D:\vscode\service\node_modules\egg-logrotator\app\schedule\clean_log.js
2019-07-16 01:07:06,735 INFO 20528 [egg-schedule]: register schedule D:\vscode\service\node_modules\egg-logrotator\app\schedule\rotate_by_file.js
2019-07-16 01:08:23,526 INFO 19116 [egg-schedule]: register schedule D:\vscode\service\node_modules\egg-multipart\app\schedule\clean_tmpdir.js
2019-07-16 01:08:23,526 INFO 19116 [egg-schedule]: register schedule D:\vscode\service\node_modules\egg-logrotator\app\schedule\clean_log.js
2019-07-16 01:08:23,526 INFO 19116 [egg-schedule]: register schedule D:\vscode\service\node_modules\egg-logrotator\app\schedule\rotate_by_file.js
2019-07-16 01:08:36,918 INFO 8844 [egg-schedule]: register schedule D:\vscode\service\node_modules\egg-multipart\app\schedule\clean_tmpdir.js
2019-07-16 01:08:36,918 INFO 8844 [egg-schedule]: register schedule D:\vscode\service\node_modules\egg-logrotator\app\schedule\clean_log.js
2019-07-16 01:08:36,918 INFO 8844 [egg-schedule]: register schedule D:\vscode\service\node_modules\egg-logrotator\app\schedule\rotate_by_file.js
2019-07-16 01:08:59,587 INFO 984 [egg-schedule]: register schedule D:\vscode\service\node_modules\egg-multipart\app\schedule\clean_tmpdir.js
2019-07-16 01:08:59,587 INFO 984 [egg-schedule]: register schedule D:\vscode\service\node_modules\egg-logrotator\app\schedule\clean_log.js
2019-07-16 01:08:59,587 INFO 984 [egg-schedule]: register schedule D:\vscode\service\node_modules\egg-logrotator\app\schedule\rotate_by_file.js
2019-07-16 01:10:56,138 INFO 2036 [egg-schedule]: register schedule D:\vscode\service\node_modules\egg-multipart\app\schedule\clean_tmpdir.js
2019-07-16 01:10:56,138 INFO 2036 [egg-schedule]: register schedule D:\vscode\service\node_modules\egg-logrotator\app\schedule\clean_log.js
2019-07-16 01:10:56,138 INFO 2036 [egg-schedule]: register schedule D:\vscode\service\node_modules\egg-logrotator\app\schedule\rotate_by_file.js
2019-07-16 01:11:42,450 INFO 8692 [egg-schedule]: register schedule D:\vscode\service\node_modules\egg-multipart\app\schedule\clean_tmpdir.js
2019-07-16 01:11:42,450 INFO 8692 [egg-schedule]: register schedule D:\vscode\service\node_modules\egg-logrotator\app\schedule\clean_log.js
2019-07-16 01:11:42,450 INFO 8692 [egg-schedule]: register schedule D:\vscode\service\node_modules\egg-logrotator\app\schedule\rotate_by_file.js
2019-07-16 01:12:16,425 INFO 18968 [egg-schedule]: register schedule D:\vscode\service\node_modules\egg-multipart\app\schedule\clean_tmpdir.js
2019-07-16 01:12:16,425 INFO 18968 [egg-schedule]: register schedule D:\vscode\service\node_modules\egg-logrotator\app\schedule\clean_log.js
2019-07-16 01:12:16,425 INFO 18968 [egg-schedule]: register schedule D:\vscode\service\node_modules\egg-logrotator\app\schedule\rotate_by_file.js
2019-07-16 01:12:20,648 INFO 16528 [egg-schedule]: register schedule D:\vscode\service\node_modules\egg-multipart\app\schedule\clean_tmpdir.js
2019-07-16 01:12:20,648 INFO 16528 [egg-schedule]: register schedule D:\vscode\service\node_modules\egg-logrotator\app\schedule\clean_log.js
2019-07-16 01:12:20,648 INFO 16528 [egg-schedule]: register schedule D:\vscode\service\node_modules\egg-logrotator\app\schedule\rotate_by_file.js
2019-07-16 01:13:14,897 INFO 12160 [egg-schedule]: register schedule D:\vscode\service\node_modules\egg-multipart\app\schedule\clean_tmpdir.js
2019-07-16 01:13:14,897 INFO 12160 [egg-schedule]: register schedule D:\vscode\service\node_modules\egg-logrotator\app\schedule\clean_log.js
2019-07-16 01:13:14,897 INFO 12160 [egg-schedule]: register schedule D:\vscode\service\node_modules\egg-logrotator\app\schedule\rotate_by_file.js
2019-07-16 01:13:34,337 INFO 21168 [egg-schedule]: register schedule D:\vscode\service\node_modules\egg-multipart\app\schedule\clean_tmpdir.js
2019-07-16 01:13:34,337 INFO 21168 [egg-schedule]: register schedule D:\vscode\service\node_modules\egg-logrotator\app\schedule\clean_log.js
2019-07-16 01:13:34,337 INFO 21168 [egg-schedule]: register schedule D:\vscode\service\node_modules\egg-logrotator\app\schedule\rotate_by_file.js
2019-07-16 01:14:28,898 INFO 16228 [egg-schedule]: register schedule D:\vscode\service\node_modules\egg-multipart\app\schedule\clean_tmpdir.js
2019-07-16 01:14:28,898 INFO 16228 [egg-schedule]: register schedule D:\vscode\service\node_modules\egg-logrotator\app\schedule\clean_log.js
2019-07-16 01:14:28,898 INFO 16228 [egg-schedule]: register schedule D:\vscode\service\node_modules\egg-logrotator\app\schedule\rotate_by_file.js
2019-07-16 01:14:56,315 INFO 4668 [egg-schedule]: register schedule D:\vscode\service\node_modules\egg-multipart\app\schedule\clean_tmpdir.js
2019-07-16 01:14:56,315 INFO 4668 [egg-schedule]: register schedule D:\vscode\service\node_modules\egg-logrotator\app\schedule\clean_log.js
2019-07-16 01:14:56,315 INFO 4668 [egg-schedule]: register schedule D:\vscode\service\node_modules\egg-logrotator\app\schedule\rotate_by_file.js
2019-07-16 01:15:33,802 INFO 11328 [egg-schedule]: register schedule D:\vscode\service\node_modules\egg-multipart\app\schedule\clean_tmpdir.js
2019-07-16 01:15:33,802 INFO 11328 [egg-schedule]: register schedule D:\vscode\service\node_modules\egg-logrotator\app\schedule\clean_log.js
2019-07-16 01:15:33,802 INFO 11328 [egg-schedule]: register schedule D:\vscode\service\node_modules\egg-logrotator\app\schedule\rotate_by_file.js
2019-07-16 01:17:36,585 INFO 4476 [egg-schedule]: register schedule D:\vscode\service\node_modules\egg-multipart\app\schedule\clean_tmpdir.js
2019-07-16 01:17:36,585 INFO 4476 [egg-schedule]: register schedule D:\vscode\service\node_modules\egg-logrotator\app\schedule\clean_log.js
2019-07-16 01:17:36,585 INFO 4476 [egg-schedule]: register schedule D:\vscode\service\node_modules\egg-logrotator\app\schedule\rotate_by_file.js
2019-07-16 01:19:09,952 INFO 5516 [egg-schedule]: register schedule D:\vscode\service\node_modules\egg-multipart\app\schedule\clean_tmpdir.js
2019-07-16 01:19:09,952 INFO 5516 [egg-schedule]: register schedule D:\vscode\service\node_modules\egg-logrotator\app\schedule\clean_log.js
2019-07-16 01:19:09,952 INFO 5516 [egg-schedule]: register schedule D:\vscode\service\node_modules\egg-logrotator\app\schedule\rotate_by_file.js
2019-07-16 01:21:38,940 INFO 4688 [egg-schedule]: register schedule D:\vscode\service\node_modules\egg-multipart\app\schedule\clean_tmpdir.js
2019-07-16 01:21:38,940 INFO 4688 [egg-schedule]: register schedule D:\vscode\service\node_modules\egg-logrotator\app\schedule\clean_log.js
2019-07-16 01:21:38,940 INFO 4688 [egg-schedule]: register schedule D:\vscode\service\node_modules\egg-logrotator\app\schedule\rotate_by_file.js
2019-07-16 01:24:36,540 INFO 7832 [egg-schedule]: register schedule D:\vscode\service\node_modules\egg-multipart\app\schedule\clean_tmpdir.js
2019-07-16 01:24:36,540 INFO 7832 [egg-schedule]: register schedule D:\vscode\service\node_modules\egg-logrotator\app\schedule\clean_log.js
2019-07-16 01:24:36,540 INFO 7832 [egg-schedule]: register schedule D:\vscode\service\node_modules\egg-logrotator\app\schedule\rotate_by_file.js
2019-07-16 01:31:02,443 INFO 17220 [egg-schedule]: register schedule D:\vscode\service\node_modules\egg-multipart\app\schedule\clean_tmpdir.js
2019-07-16 01:31:02,443 INFO 17220 [egg-schedule]: register schedule D:\vscode\service\node_modules\egg-logrotator\app\schedule\clean_log.js
2019-07-16 01:31:02,443 INFO 17220 [egg-schedule]: register schedule D:\vscode\service\node_modules\egg-logrotator\app\schedule\rotate_by_file.js
2019-07-16 01:31:54,377 INFO 14224 [egg-schedule]: register schedule D:\vscode\service\node_modules\egg-multipart\app\schedule\clean_tmpdir.js
2019-07-16 01:31:54,377 INFO 14224 [egg-schedule]: register schedule D:\vscode\service\node_modules\egg-logrotator\app\schedule\clean_log.js
2019-07-16 01:31:54,377 INFO 14224 [egg-schedule]: register schedule D:\vscode\service\node_modules\egg-logrotator\app\schedule\rotate_by_file.js
2019-07-16 01:36:49,890 INFO 8724 [egg-schedule]: register schedule D:\vscode\service\node_modules\egg-multipart\app\schedule\clean_tmpdir.js
2019-07-16 01:36:49,890 INFO 8724 [egg-schedule]: register schedule D:\vscode\service\node_modules\egg-logrotator\app\schedule\clean_log.js
2019-07-16 01:36:49,890 INFO 8724 [egg-schedule]: register schedule D:\vscode\service\node_modules\egg-logrotator\app\schedule\rotate_by_file.js
2019-07-16 01:37:03,975 INFO 19944 [egg-schedule]: register schedule D:\vscode\service\node_modules\egg-multipart\app\schedule\clean_tmpdir.js
2019-07-16 01:37:03,975 INFO 19944 [egg-schedule]: register schedule D:\vscode\service\node_modules\egg-logrotator\app\schedule\clean_log.js
2019-07-16 01:37:03,975 INFO 19944 [egg-schedule]: register schedule D:\vscode\service\node_modules\egg-logrotator\app\schedule\rotate_by_file.js
2019-07-16 01:37:31,889 INFO 14296 [egg-schedule]: register schedule D:\vscode\service\node_modules\egg-multipart\app\schedule\clean_tmpdir.js
2019-07-16 01:37:31,889 INFO 14296 [egg-schedule]: register schedule D:\vscode\service\node_modules\egg-logrotator\app\schedule\clean_log.js
2019-07-16 01:37:31,889 INFO 14296 [egg-schedule]: register schedule D:\vscode\service\node_modules\egg-logrotator\app\schedule\rotate_by_file.js
2019-07-16 01:37:49,224 INFO 11328 [egg-schedule]: register schedule D:\vscode\service\node_modules\egg-multipart\app\schedule\clean_tmpdir.js
2019-07-16 01:37:49,224 INFO 11328 [egg-schedule]: register schedule D:\vscode\service\node_modules\egg-logrotator\app\schedule\clean_log.js
2019-07-16 01:37:49,224 INFO 11328 [egg-schedule]: register schedule D:\vscode\service\node_modules\egg-logrotator\app\schedule\rotate_by_file.js
2019-07-16 01:38:35,482 INFO 1740 [egg-schedule]: register schedule D:\vscode\service\node_modules\egg-multipart\app\schedule\clean_tmpdir.js
2019-07-16 01:38:35,482 INFO 1740 [egg-schedule]: register schedule D:\vscode\service\node_modules\egg-logrotator\app\schedule\clean_log.js
2019-07-16 01:38:35,482 INFO 1740 [egg-schedule]: register schedule D:\vscode\service\node_modules\egg-logrotator\app\schedule\rotate_by_file.js
2019-07-16 01:41:11,275 INFO 10560 [egg-schedule]: register schedule D:\vscode\service\node_modules\egg-multipart\app\schedule\clean_tmpdir.js
2019-07-16 01:41:11,275 INFO 10560 [egg-schedule]: register schedule D:\vscode\service\node_modules\egg-logrotator\app\schedule\clean_log.js
2019-07-16 01:41:11,275 INFO 10560 [egg-schedule]: register schedule D:\vscode\service\node_modules\egg-logrotator\app\schedule\rotate_by_file.js
2019-07-16 04:30:00,007 INFO 10560 [Job#15632226000052637141216761111] D:\vscode\service\node_modules\egg-multipart\app\schedule\clean_tmpdir.js executing by app
2019-07-16 04:30:00,014 INFO 10560 [Job#15632226000052637141216761111] D:\vscode\service\node_modules\egg-multipart\app\schedule\clean_tmpdir.js execute succeed, used 6ms
2019-07-16 04:30:00,010 INFO 9156 [Timer] D:\vscode\service\node_modules\egg-multipart\app\schedule\clean_tmpdir.js next time will execute after 86399994ms at 2019-07-17 04:30:00.004
2019-07-16 14:44:35,575 INFO 18200 [egg-schedule]: register schedule D:\vscode\service\node_modules\egg-multipart\app\schedule\clean_tmpdir.js
2019-07-16 14:44:35,575 INFO 18200 [egg-schedule]: register schedule D:\vscode\service\node_modules\egg-logrotator\app\schedule\clean_log.js
2019-07-16 14:44:35,575 INFO 18200 [egg-schedule]: register schedule D:\vscode\service\node_modules\egg-logrotator\app\schedule\rotate_by_file.js
2019-07-16 14:48:00,775 INFO 20272 [egg-schedule]: register schedule D:\vscode\service\node_modules\egg-multipart\app\schedule\clean_tmpdir.js
2019-07-16 14:48:00,775 INFO 20272 [egg-schedule]: register schedule D:\vscode\service\node_modules\egg-logrotator\app\schedule\clean_log.js
2019-07-16 14:48:00,775 INFO 20272 [egg-schedule]: register schedule D:\vscode\service\node_modules\egg-logrotator\app\schedule\rotate_by_file.js
2019-07-16 14:59:25,354 INFO 3520 [Timer] D:\vscode\service\node_modules\egg-multipart\app\schedule\clean_tmpdir.js next time will execute after 48634650ms at 2019-07-17 04:30:00.004
2019-07-16 14:59:25,354 INFO 3520 [Timer] D:\vscode\service\node_modules\egg-logrotator\app\schedule\clean_log.js next time will execute after 32434646ms at 2019-07-17 00:00:00.000
2019-07-16 14:59:25,354 INFO 3520 [Timer] D:\vscode\service\node_modules\egg-logrotator\app\schedule\rotate_by_file.js next time will execute after 32435646ms at 2019-07-17 00:00:01.000
2019-07-16 14:59:24,863 INFO 17396 [egg-schedule]: register schedule D:\vscode\service\node_modules\egg-multipart\app\schedule\clean_tmpdir.js
2019-07-16 14:59:24,863 INFO 17396 [egg-schedule]: register schedule D:\vscode\service\node_modules\egg-logrotator\app\schedule\clean_log.js
2019-07-16 14:59:24,863 INFO 17396 [egg-schedule]: register schedule D:\vscode\service\node_modules\egg-logrotator\app\schedule\rotate_by_file.js
2019-07-16 15:03:53,345 INFO 18176 [egg-schedule]: register schedule D:\vscode\service\node_modules\egg-multipart\app\schedule\clean_tmpdir.js
2019-07-16 15:03:53,345 INFO 18176 [egg-schedule]: register schedule D:\vscode\service\node_modules\egg-logrotator\app\schedule\clean_log.js
2019-07-16 15:03:53,345 INFO 18176 [egg-schedule]: register schedule D:\vscode\service\node_modules\egg-logrotator\app\schedule\rotate_by_file.js
2019-07-16 15:12:59,903 INFO 11700 [egg-schedule]: register schedule D:\vscode\service\node_modules\egg-multipart\app\schedule\clean_tmpdir.js
2019-07-16 15:12:59,903 INFO 11700 [egg-schedule]: register schedule D:\vscode\service\node_modules\egg-logrotator\app\schedule\clean_log.js
2019-07-16 15:12:59,903 INFO 11700 [egg-schedule]: register schedule D:\vscode\service\node_modules\egg-logrotator\app\schedule\rotate_by_file.js
2019-07-16 15:23:27,884 INFO 19880 [egg-schedule]: register schedule D:\vscode\service\node_modules\egg-multipart\app\schedule\clean_tmpdir.js
2019-07-16 15:23:27,884 INFO 19880 [egg-schedule]: register schedule D:\vscode\service\node_modules\egg-logrotator\app\schedule\clean_log.js
2019-07-16 15:23:27,884 INFO 19880 [egg-schedule]: register schedule D:\vscode\service\node_modules\egg-logrotator\app\schedule\rotate_by_file.js
2019-07-16 15:24:01,998 INFO 9484 [egg-schedule]: register schedule D:\vscode\service\node_modules\egg-multipart\app\schedule\clean_tmpdir.js
2019-07-16 15:24:01,998 INFO 9484 [egg-schedule]: register schedule D:\vscode\service\node_modules\egg-logrotator\app\schedule\clean_log.js
2019-07-16 15:24:01,998 INFO 9484 [egg-schedule]: register schedule D:\vscode\service\node_modules\egg-logrotator\app\schedule\rotate_by_file.js
2019-07-16 15:27:46,581 INFO 14852 [egg-schedule]: register schedule D:\vscode\service\node_modules\egg-multipart\app\schedule\clean_tmpdir.js
2019-07-16 15:27:46,581 INFO 14852 [egg-schedule]: register schedule D:\vscode\service\node_modules\egg-logrotator\app\schedule\clean_log.js
2019-07-16 15:27:46,581 INFO 14852 [egg-schedule]: register schedule D:\vscode\service\node_modules\egg-logrotator\app\schedule\rotate_by_file.js
2019-07-16 15:27:50,034 INFO 5936 [egg-schedule]: register schedule D:\vscode\service\node_modules\egg-multipart\app\schedule\clean_tmpdir.js
2019-07-16 15:27:50,034 INFO 5936 [egg-schedule]: register schedule D:\vscode\service\node_modules\egg-logrotator\app\schedule\clean_log.js
2019-07-16 15:27:50,034 INFO 5936 [egg-schedule]: register schedule D:\vscode\service\node_modules\egg-logrotator\app\schedule\rotate_by_file.js
2019-07-16 15:28:06,072 INFO 9152 [egg-schedule]: register schedule D:\vscode\service\node_modules\egg-multipart\app\schedule\clean_tmpdir.js
2019-07-16 15:28:06,072 INFO 9152 [egg-schedule]: register schedule D:\vscode\service\node_modules\egg-logrotator\app\schedule\clean_log.js
2019-07-16 15:28:06,072 INFO 9152 [egg-schedule]: register schedule D:\vscode\service\node_modules\egg-logrotator\app\schedule\rotate_by_file.js
2019-07-16 15:29:38,577 INFO 19076 [egg-schedule]: register schedule D:\vscode\service\node_modules\egg-multipart\app\schedule\clean_tmpdir.js
2019-07-16 15:29:38,577 INFO 19076 [egg-schedule]: register schedule D:\vscode\service\node_modules\egg-logrotator\app\schedule\clean_log.js
2019-07-16 15:29:38,577 INFO 19076 [egg-schedule]: register schedule D:\vscode\service\node_modules\egg-logrotator\app\schedule\rotate_by_file.js
2019-07-16 15:31:53,310 INFO 13104 [egg-schedule]: register schedule D:\vscode\service\node_modules\egg-multipart\app\schedule\clean_tmpdir.js
2019-07-16 15:31:53,310 INFO 13104 [egg-schedule]: register schedule D:\vscode\service\node_modules\egg-logrotator\app\schedule\clean_log.js
2019-07-16 15:31:53,310 INFO 13104 [egg-schedule]: register schedule D:\vscode\service\node_modules\egg-logrotator\app\schedule\rotate_by_file.js
2019-07-16 15:32:30,842 INFO 18084 [egg-schedule]: register schedule D:\vscode\service\node_modules\egg-multipart\app\schedule\clean_tmpdir.js
2019-07-16 15:32:30,842 INFO 18084 [egg-schedule]: register schedule D:\vscode\service\node_modules\egg-logrotator\app\schedule\clean_log.js
2019-07-16 15:32:30,842 INFO 18084 [egg-schedule]: register schedule D:\vscode\service\node_modules\egg-logrotator\app\schedule\rotate_by_file.js
2019-07-16 15:33:08,147 INFO 21008 [egg-schedule]: register schedule D:\vscode\service\node_modules\egg-multipart\app\schedule\clean_tmpdir.js
2019-07-16 15:33:08,147 INFO 21008 [egg-schedule]: register schedule D:\vscode\service\node_modules\egg-logrotator\app\schedule\clean_log.js
2019-07-16 15:33:08,147 INFO 21008 [egg-schedule]: register schedule D:\vscode\service\node_modules\egg-logrotator\app\schedule\rotate_by_file.js
2019-07-16 15:33:14,681 INFO 1188 [egg-schedule]: register schedule D:\vscode\service\node_modules\egg-multipart\app\schedule\clean_tmpdir.js
2019-07-16 15:33:14,681 INFO 1188 [egg-schedule]: register schedule D:\vscode\service\node_modules\egg-logrotator\app\schedule\clean_log.js
2019-07-16 15:33:14,681 INFO 1188 [egg-schedule]: register schedule D:\vscode\service\node_modules\egg-logrotator\app\schedule\rotate_by_file.js
2019-07-16 15:33:28,513 INFO 9896 [egg-schedule]: register schedule D:\vscode\service\node_modules\egg-multipart\app\schedule\clean_tmpdir.js
2019-07-16 15:33:28,513 INFO 9896 [egg-schedule]: register schedule D:\vscode\service\node_modules\egg-logrotator\app\schedule\clean_log.js
2019-07-16 15:33:28,513 INFO 9896 [egg-schedule]: register schedule D:\vscode\service\node_modules\egg-logrotator\app\schedule\rotate_by_file.js
2019-07-16 15:33:33,319 INFO 12468 [egg-schedule]: register schedule D:\vscode\service\node_modules\egg-multipart\app\schedule\clean_tmpdir.js
2019-07-16 15:33:33,319 INFO 12468 [egg-schedule]: register schedule D:\vscode\service\node_modules\egg-logrotator\app\schedule\clean_log.js
2019-07-16 15:33:33,319 INFO 12468 [egg-schedule]: register schedule D:\vscode\service\node_modules\egg-logrotator\app\schedule\rotate_by_file.js
2019-07-16 15:34:06,293 INFO 15556 [egg-schedule]: register schedule D:\vscode\service\node_modules\egg-multipart\app\schedule\clean_tmpdir.js
2019-07-16 15:34:06,293 INFO 15556 [egg-schedule]: register schedule D:\vscode\service\node_modules\egg-logrotator\app\schedule\clean_log.js
2019-07-16 15:34:06,293 INFO 15556 [egg-schedule]: register schedule D:\vscode\service\node_modules\egg-logrotator\app\schedule\rotate_by_file.js
2019-07-16 15:34:51,815 INFO 1828 [egg-schedule]: register schedule D:\vscode\service\node_modules\egg-multipart\app\schedule\clean_tmpdir.js
2019-07-16 15:34:51,815 INFO 1828 [egg-schedule]: register schedule D:\vscode\service\node_modules\egg-logrotator\app\schedule\clean_log.js
2019-07-16 15:34:51,815 INFO 1828 [egg-schedule]: register schedule D:\vscode\service\node_modules\egg-logrotator\app\schedule\rotate_by_file.js
2019-07-16 15:35:11,828 INFO 19432 [egg-schedule]: register schedule D:\vscode\service\node_modules\egg-multipart\app\schedule\clean_tmpdir.js
2019-07-16 15:35:11,828 INFO 19432 [egg-schedule]: register schedule D:\vscode\service\node_modules\egg-logrotator\app\schedule\clean_log.js
2019-07-16 15:35:11,828 INFO 19432 [egg-schedule]: register schedule D:\vscode\service\node_modules\egg-logrotator\app\schedule\rotate_by_file.js
2019-07-16 15:41:41,511 INFO 21460 [egg-schedule]: register schedule D:\vscode\service\node_modules\egg-multipart\app\schedule\clean_tmpdir.js
2019-07-16 15:41:41,511 INFO 21460 [egg-schedule]: register schedule D:\vscode\service\node_modules\egg-logrotator\app\schedule\clean_log.js
2019-07-16 15:41:41,511 INFO 21460 [egg-schedule]: register schedule D:\vscode\service\node_modules\egg-logrotator\app\schedule\rotate_by_file.js
2019-07-16 15:43:17,797 INFO 22172 [egg-schedule]: register schedule D:\vscode\service\node_modules\egg-multipart\app\schedule\clean_tmpdir.js
2019-07-16 15:43:17,797 INFO 22172 [egg-schedule]: register schedule D:\vscode\service\node_modules\egg-logrotator\app\schedule\clean_log.js
2019-07-16 15:43:17,797 INFO 22172 [egg-schedule]: register schedule D:\vscode\service\node_modules\egg-logrotator\app\schedule\rotate_by_file.js
2019-07-16 15:43:50,961 INFO 22344 [egg-schedule]: register schedule D:\vscode\service\node_modules\egg-multipart\app\schedule\clean_tmpdir.js
2019-07-16 15:43:50,961 INFO 22344 [egg-schedule]: register schedule D:\vscode\service\node_modules\egg-logrotator\app\schedule\clean_log.js
2019-07-16 15:43:50,961 INFO 22344 [egg-schedule]: register schedule D:\vscode\service\node_modules\egg-logrotator\app\schedule\rotate_by_file.js
2019-07-16 15:45:06,270 INFO 12384 [egg-schedule]: register schedule D:\vscode\service\node_modules\egg-multipart\app\schedule\clean_tmpdir.js
2019-07-16 15:45:06,271 INFO 12384 [egg-schedule]: register schedule D:\vscode\service\node_modules\egg-logrotator\app\schedule\clean_log.js
2019-07-16 15:45:06,271 INFO 12384 [egg-schedule]: register schedule D:\vscode\service\node_modules\egg-logrotator\app\schedule\rotate_by_file.js
2019-07-16 15:45:32,579 INFO 18300 [egg-schedule]: register schedule D:\vscode\service\node_modules\egg-multipart\app\schedule\clean_tmpdir.js
2019-07-16 15:45:32,579 INFO 18300 [egg-schedule]: register schedule D:\vscode\service\node_modules\egg-logrotator\app\schedule\clean_log.js
2019-07-16 15:45:32,579 INFO 18300 [egg-schedule]: register schedule D:\vscode\service\node_modules\egg-logrotator\app\schedule\rotate_by_file.js
2019-07-16 15:46:16,953 INFO 21776 [egg-schedule]: register schedule D:\vscode\service\node_modules\egg-multipart\app\schedule\clean_tmpdir.js
2019-07-16 15:46:16,953 INFO 21776 [egg-schedule]: register schedule D:\vscode\service\node_modules\egg-logrotator\app\schedule\clean_log.js
2019-07-16 15:46:16,953 INFO 21776 [egg-schedule]: register schedule D:\vscode\service\node_modules\egg-logrotator\app\schedule\rotate_by_file.js
2019-07-16 15:49:15,911 INFO 22080 [egg-schedule]: register schedule D:\vscode\service\node_modules\egg-multipart\app\schedule\clean_tmpdir.js
2019-07-16 15:49:15,911 INFO 22080 [egg-schedule]: register schedule D:\vscode\service\node_modules\egg-logrotator\app\schedule\clean_log.js
2019-07-16 15:49:15,911 INFO 22080 [egg-schedule]: register schedule D:\vscode\service\node_modules\egg-logrotator\app\schedule\rotate_by_file.js
2019-07-16 15:49:26,908 INFO 6032 [egg-schedule]: register schedule D:\vscode\service\node_modules\egg-multipart\app\schedule\clean_tmpdir.js
2019-07-16 15:49:26,908 INFO 6032 [egg-schedule]: register schedule D:\vscode\service\node_modules\egg-logrotator\app\schedule\clean_log.js
2019-07-16 15:49:26,908 INFO 6032 [egg-schedule]: register schedule D:\vscode\service\node_modules\egg-logrotator\app\schedule\rotate_by_file.js
2019-07-16 15:50:02,770 INFO 21920 [egg-schedule]: register schedule D:\vscode\service\node_modules\egg-multipart\app\schedule\clean_tmpdir.js
2019-07-16 15:50:02,770 INFO 21920 [egg-schedule]: register schedule D:\vscode\service\node_modules\egg-logrotator\app\schedule\clean_log.js
2019-07-16 15:50:02,770 INFO 21920 [egg-schedule]: register schedule D:\vscode\service\node_modules\egg-logrotator\app\schedule\rotate_by_file.js
2019-07-16 15:51:11,126 INFO 17440 [egg-schedule]: register schedule D:\vscode\service\node_modules\egg-multipart\app\schedule\clean_tmpdir.js
2019-07-16 15:51:11,126 INFO 17440 [egg-schedule]: register schedule D:\vscode\service\node_modules\egg-logrotator\app\schedule\clean_log.js
2019-07-16 15:51:11,126 INFO 17440 [egg-schedule]: register schedule D:\vscode\service\node_modules\egg-logrotator\app\schedule\rotate_by_file.js
2019-07-16 16:08:40,331 INFO 21952 [egg-schedule]: register schedule D:\vscode\service\node_modules\egg-multipart\app\schedule\clean_tmpdir.js
2019-07-16 16:08:40,331 INFO 21952 [egg-schedule]: register schedule D:\vscode\service\node_modules\egg-logrotator\app\schedule\clean_log.js
2019-07-16 16:08:40,331 INFO 21952 [egg-schedule]: register schedule D:\vscode\service\node_modules\egg-logrotator\app\schedule\rotate_by_file.js
2019-07-16 16:08:57,879 INFO 21832 [egg-schedule]: register schedule D:\vscode\service\node_modules\egg-multipart\app\schedule\clean_tmpdir.js
2019-07-16 16:08:57,879 INFO 21832 [egg-schedule]: register schedule D:\vscode\service\node_modules\egg-logrotator\app\schedule\clean_log.js
2019-07-16 16:08:57,879 INFO 21832 [egg-schedule]: register schedule D:\vscode\service\node_modules\egg-logrotator\app\schedule\rotate_by_file.js
2019-07-16 16:11:22,904 INFO 14716 [egg-schedule]: register schedule D:\vscode\service\node_modules\egg-multipart\app\schedule\clean_tmpdir.js
2019-07-16 16:11:22,904 INFO 14716 [egg-schedule]: register schedule D:\vscode\service\node_modules\egg-logrotator\app\schedule\clean_log.js
2019-07-16 16:11:22,904 INFO 14716 [egg-schedule]: register schedule D:\vscode\service\node_modules\egg-logrotator\app\schedule\rotate_by_file.js
2019-07-16 16:11:41,260 INFO 14940 [egg-schedule]: register schedule D:\vscode\service\node_modules\egg-multipart\app\schedule\clean_tmpdir.js
2019-07-16 16:11:41,260 INFO 14940 [egg-schedule]: register schedule D:\vscode\service\node_modules\egg-logrotator\app\schedule\clean_log.js
2019-07-16 16:11:41,260 INFO 14940 [egg-schedule]: register schedule D:\vscode\service\node_modules\egg-logrotator\app\schedule\rotate_by_file.js
2019-07-16 16:11:52,105 INFO 21744 [egg-schedule]: register schedule D:\vscode\service\node_modules\egg-multipart\app\schedule\clean_tmpdir.js
2019-07-16 16:11:52,105 INFO 21744 [egg-schedule]: register schedule D:\vscode\service\node_modules\egg-logrotator\app\schedule\clean_log.js
2019-07-16 16:11:52,105 INFO 21744 [egg-schedule]: register schedule D:\vscode\service\node_modules\egg-logrotator\app\schedule\rotate_by_file.js
2019-07-16 16:12:21,599 INFO 16608 [egg-schedule]: register schedule D:\vscode\service\node_modules\egg-multipart\app\schedule\clean_tmpdir.js
2019-07-16 16:12:21,599 INFO 16608 [egg-schedule]: register schedule D:\vscode\service\node_modules\egg-logrotator\app\schedule\clean_log.js
2019-07-16 16:12:21,599 INFO 16608 [egg-schedule]: register schedule D:\vscode\service\node_modules\egg-logrotator\app\schedule\rotate_by_file.js
2019-07-16 16:13:44,034 INFO 4900 [egg-schedule]: register schedule D:\vscode\service\node_modules\egg-multipart\app\schedule\clean_tmpdir.js
2019-07-16 16:13:44,034 INFO 4900 [egg-schedule]: register schedule D:\vscode\service\node_modules\egg-logrotator\app\schedule\clean_log.js
2019-07-16 16:13:44,034 INFO 4900 [egg-schedule]: register schedule D:\vscode\service\node_modules\egg-logrotator\app\schedule\rotate_by_file.js
2019-07-16 16:13:58,534 INFO 22200 [egg-schedule]: register schedule D:\vscode\service\node_modules\egg-multipart\app\schedule\clean_tmpdir.js
2019-07-16 16:13:58,534 INFO 22200 [egg-schedule]: register schedule D:\vscode\service\node_modules\egg-logrotator\app\schedule\clean_log.js
2019-07-16 16:13:58,534 INFO 22200 [egg-schedule]: register schedule D:\vscode\service\node_modules\egg-logrotator\app\schedule\rotate_by_file.js
2019-07-16 16:14:56,804 INFO 8724 [egg-schedule]: register schedule D:\vscode\service\node_modules\egg-multipart\app\schedule\clean_tmpdir.js
2019-07-16 16:14:56,804 INFO 8724 [egg-schedule]: register schedule D:\vscode\service\node_modules\egg-logrotator\app\schedule\clean_log.js
2019-07-16 16:14:56,804 INFO 8724 [egg-schedule]: register schedule D:\vscode\service\node_modules\egg-logrotator\app\schedule\rotate_by_file.js
2019-07-16 16:16:02,361 INFO 8080 [egg-schedule]: register schedule D:\vscode\service\node_modules\egg-multipart\app\schedule\clean_tmpdir.js
2019-07-16 16:16:02,361 INFO 8080 [egg-schedule]: register schedule D:\vscode\service\node_modules\egg-logrotator\app\schedule\clean_log.js
2019-07-16 16:16:02,361 INFO 8080 [egg-schedule]: register schedule D:\vscode\service\node_modules\egg-logrotator\app\schedule\rotate_by_file.js
2019-07-16 16:17:53,335 INFO 22308 [egg-schedule]: register schedule D:\vscode\service\node_modules\egg-multipart\app\schedule\clean_tmpdir.js
2019-07-16 16:17:53,335 INFO 22308 [egg-schedule]: register schedule D:\vscode\service\node_modules\egg-logrotator\app\schedule\clean_log.js
2019-07-16 16:17:53,335 INFO 22308 [egg-schedule]: register schedule D:\vscode\service\node_modules\egg-logrotator\app\schedule\rotate_by_file.js
2019-07-16 16:20:42,128 INFO 20964 [egg-schedule]: register schedule D:\vscode\service\node_modules\egg-multipart\app\schedule\clean_tmpdir.js
2019-07-16 16:20:42,128 INFO 20964 [egg-schedule]: register schedule D:\vscode\service\node_modules\egg-logrotator\app\schedule\clean_log.js
2019-07-16 16:20:42,128 INFO 20964 [egg-schedule]: register schedule D:\vscode\service\node_modules\egg-logrotator\app\schedule\rotate_by_file.js
2019-07-16 16:21:42,668 INFO 5424 [egg-schedule]: register schedule D:\vscode\service\node_modules\egg-multipart\app\schedule\clean_tmpdir.js
2019-07-16 16:21:42,668 INFO 5424 [egg-schedule]: register schedule D:\vscode\service\node_modules\egg-logrotator\app\schedule\clean_log.js
2019-07-16 16:21:42,668 INFO 5424 [egg-schedule]: register schedule D:\vscode\service\node_modules\egg-logrotator\app\schedule\rotate_by_file.js
2019-07-16 16:21:49,999 INFO 16608 [egg-schedule]: register schedule D:\vscode\service\node_modules\egg-multipart\app\schedule\clean_tmpdir.js
2019-07-16 16:21:50,000 INFO 16608 [egg-schedule]: register schedule D:\vscode\service\node_modules\egg-logrotator\app\schedule\clean_log.js
2019-07-16 16:21:50,000 INFO 16608 [egg-schedule]: register schedule D:\vscode\service\node_modules\egg-logrotator\app\schedule\rotate_by_file.js
2019-07-16 16:21:54,088 INFO 17096 [egg-schedule]: register schedule D:\vscode\service\node_modules\egg-multipart\app\schedule\clean_tmpdir.js
2019-07-16 16:21:54,088 INFO 17096 [egg-schedule]: register schedule D:\vscode\service\node_modules\egg-logrotator\app\schedule\clean_log.js
2019-07-16 16:21:54,088 INFO 17096 [egg-schedule]: register schedule D:\vscode\service\node_modules\egg-logrotator\app\schedule\rotate_by_file.js
2019-07-16 16:22:06,776 INFO 19184 [egg-schedule]: register schedule D:\vscode\service\node_modules\egg-multipart\app\schedule\clean_tmpdir.js
2019-07-16 16:22:06,776 INFO 19184 [egg-schedule]: register schedule D:\vscode\service\node_modules\egg-logrotator\app\schedule\clean_log.js
2019-07-16 16:22:06,776 INFO 19184 [egg-schedule]: register schedule D:\vscode\service\node_modules\egg-logrotator\app\schedule\rotate_by_file.js
2019-07-16 16:22:14,208 INFO 11376 [egg-schedule]: register schedule D:\vscode\service\node_modules\egg-multipart\app\schedule\clean_tmpdir.js
2019-07-16 16:22:14,208 INFO 11376 [egg-schedule]: register schedule D:\vscode\service\node_modules\egg-logrotator\app\schedule\clean_log.js
2019-07-16 16:22:14,208 INFO 11376 [egg-schedule]: register schedule D:\vscode\service\node_modules\egg-logrotator\app\schedule\rotate_by_file.js
2019-07-16 17:23:28,440 INFO 22640 [egg-schedule]: register schedule D:\vscode\service\node_modules\egg-multipart\app\schedule\clean_tmpdir.js
2019-07-16 17:23:28,440 INFO 22640 [egg-schedule]: register schedule D:\vscode\service\node_modules\egg-logrotator\app\schedule\clean_log.js
2019-07-16 17:23:28,440 INFO 22640 [egg-schedule]: register schedule D:\vscode\service\node_modules\egg-logrotator\app\schedule\rotate_by_file.js
2019-07-16 17:23:31,125 INFO 13932 [Timer] D:\vscode\service\node_modules\egg-multipart\app\schedule\clean_tmpdir.js next time will execute after 39988882ms at 2019-07-17 04:30:00.007
2019-07-16 17:23:31,125 INFO 13932 [Timer] D:\vscode\service\node_modules\egg-logrotator\app\schedule\clean_log.js next time will execute after 23788875ms at 2019-07-17 00:00:00.000
2019-07-16 17:23:31,126 INFO 13932 [Timer] D:\vscode\service\node_modules\egg-logrotator\app\schedule\rotate_by_file.js next time will execute after 23789875ms at 2019-07-17 00:00:01.001
2019-07-16 17:23:34,469 INFO 11324 [egg-schedule]: register schedule D:\vscode\service\node_modules\egg-multipart\app\schedule\clean_tmpdir.js
2019-07-16 17:23:34,469 INFO 11324 [egg-schedule]: register schedule D:\vscode\service\node_modules\egg-logrotator\app\schedule\clean_log.js
2019-07-16 17:23:34,469 INFO 11324 [egg-schedule]: register schedule D:\vscode\service\node_modules\egg-logrotator\app\schedule\rotate_by_file.js
2019-07-16 17:23:53,519 INFO 22700 [egg-schedule]: register schedule D:\vscode\service\node_modules\egg-multipart\app\schedule\clean_tmpdir.js
2019-07-16 17:23:53,519 INFO 22700 [egg-schedule]: register schedule D:\vscode\service\node_modules\egg-logrotator\app\schedule\clean_log.js
2019-07-16 17:23:53,519 INFO 22700 [egg-schedule]: register schedule D:\vscode\service\node_modules\egg-logrotator\app\schedule\rotate_by_file.js
2019-07-16 17:29:40,501 INFO 23012 [egg-schedule]: register schedule D:\vscode\service\node_modules\egg-multipart\app\schedule\clean_tmpdir.js
2019-07-16 17:29:40,501 INFO 23012 [egg-schedule]: register schedule D:\vscode\service\node_modules\egg-logrotator\app\schedule\clean_log.js
2019-07-16 17:29:40,501 INFO 23012 [egg-schedule]: register schedule D:\vscode\service\node_modules\egg-logrotator\app\schedule\rotate_by_file.js
